INFO - 2025-05-26 14:09:57 --> Session: Class initialized using 'CodeIgniter\Session\Handlers\FileHandler' driver.
INFO - 2025-05-26 14:11:23 --> Session: Class initialized using 'CodeIgniter\Session\Handlers\FileHandler' driver.
INFO - 2025-05-26 14:11:25 --> Session: Class initialized using 'CodeIgniter\Session\Handlers\FileHandler' driver.
INFO - 2025-05-26 14:11:52 --> Session: Class initialized using 'CodeIgniter\Session\Handlers\FileHandler' driver.
INFO - 2025-05-26 14:17:34 --> Session: Class initialized using 'CodeIgniter\Session\Handlers\FileHandler' driver.
INFO - 2025-05-26 15:12:32 --> Session: Class initialized using 'CodeIgniter\Session\Handlers\FileHandler' driver.
INFO - 2025-05-26 15:12:32 --> Session: Class initialized using 'CodeIgniter\Session\Handlers\FileHandler' driver.
CRITICAL - 2025-05-26 15:12:32 --> ErrorException: Undefined array key 0
in APPPATH\Views\matakuliah_edit.php on line 29.
 1 APPPATH\Views\matakuliah_edit.php(29): CodeIgniter\Debug\Exceptions->errorHandler(2, 'Undefined array key 0', 'C:\\laragon\\www\\transkrip_akademik\\app\\Views\\matakuliah_edit.php', 29)
 2 SYSTEMPATH\View\View.php(228): include('C:\\laragon\\www\\transkrip_akademik\\app\\Views\\matakuliah_edit.php')
 3 SYSTEMPATH\View\View.php(231): CodeIgniter\View\View->CodeIgniter\View\{closure}()
 4 SYSTEMPATH\Common.php(1178): CodeIgniter\View\View->render('matakuliah_edit', [], true)
 5 APPPATH\Controllers\Matakuliah.php(67): view('matakuliah_edit', [...])
 6 SYSTEMPATH\CodeIgniter.php(941): App\Controllers\Matakuliah->edit('img', 'undraw_profile.svg')
 7 SYSTEMPATH\CodeIgniter.php(502): CodeIgniter\CodeIgniter->runController(Object(App\Controllers\Matakuliah))
 8 SYSTEMPATH\CodeIgniter.php(361): CodeIgniter\CodeIgniter->handleRequest(null, Object(Config\Cache), false)
 9 FCPATH\index.php(79): CodeIgniter\CodeIgniter->run()
INFO - 2025-05-26 15:27:36 --> Session: Class initialized using 'CodeIgniter\Session\Handlers\FileHandler' driver.
INFO - 2025-05-26 15:27:36 --> Session: Class initialized using 'CodeIgniter\Session\Handlers\FileHandler' driver.
CRITICAL - 2025-05-26 15:27:36 --> ErrorException: Undefined array key 0
in APPPATH\Views\matakuliah_edit.php on line 29.
 1 APPPATH\Views\matakuliah_edit.php(29): CodeIgniter\Debug\Exceptions->errorHandler(2, 'Undefined array key 0', 'C:\\laragon\\www\\transkrip_akademik\\app\\Views\\matakuliah_edit.php', 29)
 2 SYSTEMPATH\View\View.php(228): include('C:\\laragon\\www\\transkrip_akademik\\app\\Views\\matakuliah_edit.php')
 3 SYSTEMPATH\View\View.php(231): CodeIgniter\View\View->CodeIgniter\View\{closure}()
 4 SYSTEMPATH\Common.php(1178): CodeIgniter\View\View->render('matakuliah_edit', [], true)
 5 APPPATH\Controllers\Matakuliah.php(67): view('matakuliah_edit', [...])
 6 SYSTEMPATH\CodeIgniter.php(941): App\Controllers\Matakuliah->edit('img', 'undraw_profile.svg')
 7 SYSTEMPATH\CodeIgniter.php(502): CodeIgniter\CodeIgniter->runController(Object(App\Controllers\Matakuliah))
 8 SYSTEMPATH\CodeIgniter.php(361): CodeIgniter\CodeIgniter->handleRequest(null, Object(Config\Cache), false)
 9 FCPATH\index.php(79): CodeIgniter\CodeIgniter->run()
INFO - 2025-05-26 15:27:41 --> Session: Class initialized using 'CodeIgniter\Session\Handlers\FileHandler' driver.
INFO - 2025-05-26 15:27:41 --> Session: Class initialized using 'CodeIgniter\Session\Handlers\FileHandler' driver.
CRITICAL - 2025-05-26 15:27:41 --> ErrorException: Undefined array key 0
in APPPATH\Views\matakuliah_edit.php on line 29.
 1 APPPATH\Views\matakuliah_edit.php(29): CodeIgniter\Debug\Exceptions->errorHandler(2, 'Undefined array key 0', 'C:\\laragon\\www\\transkrip_akademik\\app\\Views\\matakuliah_edit.php', 29)
 2 SYSTEMPATH\View\View.php(228): include('C:\\laragon\\www\\transkrip_akademik\\app\\Views\\matakuliah_edit.php')
 3 SYSTEMPATH\View\View.php(231): CodeIgniter\View\View->CodeIgniter\View\{closure}()
 4 SYSTEMPATH\Common.php(1178): CodeIgniter\View\View->render('matakuliah_edit', [], true)
 5 APPPATH\Controllers\Matakuliah.php(67): view('matakuliah_edit', [...])
 6 SYSTEMPATH\CodeIgniter.php(941): App\Controllers\Matakuliah->edit('img', 'undraw_profile.svg')
 7 SYSTEMPATH\CodeIgniter.php(502): CodeIgniter\CodeIgniter->runController(Object(App\Controllers\Matakuliah))
 8 SYSTEMPATH\CodeIgniter.php(361): CodeIgniter\CodeIgniter->handleRequest(null, Object(Config\Cache), false)
 9 FCPATH\index.php(79): CodeIgniter\CodeIgniter->run()
INFO - 2025-05-26 15:27:43 --> Session: Class initialized using 'CodeIgniter\Session\Handlers\FileHandler' driver.
INFO - 2025-05-26 15:35:58 --> Session: Class initialized using 'CodeIgniter\Session\Handlers\FileHandler' driver.
INFO - 2025-05-26 15:36:00 --> Session: Class initialized using 'CodeIgniter\Session\Handlers\FileHandler' driver.
INFO - 2025-05-26 15:36:00 --> Session: Class initialized using 'CodeIgniter\Session\Handlers\FileHandler' driver.
CRITICAL - 2025-05-26 15:36:00 --> ErrorException: Undefined array key 0
in APPPATH\Views\matakuliah_edit.php on line 29.
 1 APPPATH\Views\matakuliah_edit.php(29): CodeIgniter\Debug\Exceptions->errorHandler(2, 'Undefined array key 0', 'C:\\laragon\\www\\transkrip_akademik\\app\\Views\\matakuliah_edit.php', 29)
 2 SYSTEMPATH\View\View.php(228): include('C:\\laragon\\www\\transkrip_akademik\\app\\Views\\matakuliah_edit.php')
 3 SYSTEMPATH\View\View.php(231): CodeIgniter\View\View->CodeIgniter\View\{closure}()
 4 SYSTEMPATH\Common.php(1178): CodeIgniter\View\View->render('matakuliah_edit', [], true)
 5 APPPATH\Controllers\Matakuliah.php(67): view('matakuliah_edit', [...])
 6 SYSTEMPATH\CodeIgniter.php(941): App\Controllers\Matakuliah->edit('img', 'undraw_profile.svg')
 7 SYSTEMPATH\CodeIgniter.php(502): CodeIgniter\CodeIgniter->runController(Object(App\Controllers\Matakuliah))
 8 SYSTEMPATH\CodeIgniter.php(361): CodeIgniter\CodeIgniter->handleRequest(null, Object(Config\Cache), false)
 9 FCPATH\index.php(79): CodeIgniter\CodeIgniter->run()
CRITICAL - 2025-05-26 15:36:05 --> ErrorException: Undefined array key 0
in APPPATH\Views\nilai_edit.php on line 26.
 1 APPPATH\Views\nilai_edit.php(26): CodeIgniter\Debug\Exceptions->errorHandler(2, 'Undefined array key 0', 'C:\\laragon\\www\\transkrip_akademik\\app\\Views\\nilai_edit.php', 26)
 2 SYSTEMPATH\View\View.php(228): include('C:\\laragon\\www\\transkrip_akademik\\app\\Views\\nilai_edit.php')
 3 SYSTEMPATH\View\View.php(231): CodeIgniter\View\View->CodeIgniter\View\{closure}()
 4 SYSTEMPATH\Common.php(1178): CodeIgniter\View\View->render('nilai_edit', [], true)
 5 APPPATH\Controllers\Nilai.php(54): view('nilai_edit', [...])
 6 SYSTEMPATH\CodeIgniter.php(941): App\Controllers\Nilai->edit('img', 'undraw_profile.svg')
 7 SYSTEMPATH\CodeIgniter.php(502): CodeIgniter\CodeIgniter->runController(Object(App\Controllers\Nilai))
 8 SYSTEMPATH\CodeIgniter.php(361): CodeIgniter\CodeIgniter->handleRequest(null, Object(Config\Cache), false)
 9 FCPATH\index.php(79): CodeIgniter\CodeIgniter->run()
INFO - 2025-05-26 15:36:07 --> Session: Class initialized using 'CodeIgniter\Session\Handlers\FileHandler' driver.
