CRITICAL - 2025-04-24 14:23:02 --> CodeIgniter\Exceptions\ConfigException: Config\App::$baseURL "http://localhost/Transkrip Akademik/public/" is not a valid URL.
in SYSTEMPATH\HTTP\SiteURI.php on line 199.
 1 SYSTEMPATH\HTTP\SiteURI.php(145): CodeIgniter\HTTP\SiteURI->normalizeBaseURL(Object(Config\App))
 2 SYSTEMPATH\HTTP\SiteURI.php(100): CodeIgniter\HTTP\SiteURI->determineBaseURL(Object(Config\App), null, null)
 3 SYSTEMPATH\HTTP\SiteURIFactory.php(224): CodeIgniter\HTTP\SiteURI->__construct(Object(Config\App), 'Transkrip%20Akademik/public/', null)
 4 SYSTEMPATH\HTTP\SiteURIFactory.php(45): CodeIgniter\HTTP\SiteURIFactory->createURIFromRoutePath('Transkrip%20Akademik/public/')
 5 SYSTEMPATH\Config\Services.php(799): CodeIgniter\HTTP\SiteURIFactory->createFromGlobals()
 6 SYSTEMPATH\Config\BaseService.php(258): CodeIgniter\Config\Services::uri(null, false)
 7 SYSTEMPATH\Config\BaseService.php(199): CodeIgniter\Config\BaseService::__callStatic('uri', [...])
 8 SYSTEMPATH\Config\Services.php(792): CodeIgniter\Config\BaseService::getSharedInstance('uri', null)
 9 SYSTEMPATH\Config\BaseService.php(258): CodeIgniter\Config\Services::uri()
10 SYSTEMPATH\Config\Services.php(566): CodeIgniter\Config\BaseService::__callStatic('uri', [])
11 SYSTEMPATH\Config\BaseService.php(258): CodeIgniter\Config\Services::incomingrequest(Object(Config\App), false)
12 SYSTEMPATH\Config\Services.php(524): CodeIgniter\Config\BaseService::__callStatic('incomingrequest', [...])
13 SYSTEMPATH\Config\BaseService.php(258): CodeIgniter\Config\Services::request(Object(Config\App), false)
14 SYSTEMPATH\Config\BaseService.php(199): CodeIgniter\Config\BaseService::__callStatic('request', [...])
15 SYSTEMPATH\Config\Services.php(559): CodeIgniter\Config\BaseService::getSharedInstance('request', Object(Config\App))
16 SYSTEMPATH\Config\BaseService.php(258): CodeIgniter\Config\Services::incomingrequest(Object(Config\App))
17 SYSTEMPATH\Config\Services.php(539): CodeIgniter\Config\BaseService::__callStatic('incomingrequest', [...])
18 SYSTEMPATH\Config\BaseService.php(258): CodeIgniter\Config\Services::createRequest(Object(Config\App))
19 SYSTEMPATH\CodeIgniter.php(655): CodeIgniter\Config\BaseService::__callStatic('createRequest', [...])
20 SYSTEMPATH\CodeIgniter.php(355): CodeIgniter\CodeIgniter->getRequestObject()
21 FCPATH\index.php(79): CodeIgniter\CodeIgniter->run()
CRITICAL - 2025-04-24 14:23:02 --> ErrorException: Uncaught CodeIgniter\Exceptions\ConfigException: Config\App::$baseURL "http://localhost/Transkrip Akademik/public/" is not a valid URL. in C:\laragon\www\Transkrip Akademik\system\HTTP\SiteURI.php:199
Stack trace:
#0 C:\laragon\www\Transkrip Akademik\system\HTTP\SiteURI.php(145): CodeIgniter\HTTP\SiteURI->normalizeBaseURL(Object(Config\App))
#1 C:\laragon\www\Transkrip Akademik\system\HTTP\SiteURI.php(100): CodeIgniter\HTTP\SiteURI->determineBaseURL(Object(Config\App), NULL, NULL)
#2 C:\laragon\www\Transkrip Akademik\system\HTTP\SiteURIFactory.php(224): CodeIgniter\HTTP\SiteURI->__construct(Object(Config\App), 'Transkrip%20Aka...', NULL)
#3 C:\laragon\www\Transkrip Akademik\system\HTTP\SiteURIFactory.php(45): CodeIgniter\HTTP\SiteURIFactory->createURIFromRoutePath('Transkrip%20Aka...')
#4 C:\laragon\www\Transkrip Akademik\system\Config\Services.php(799): CodeIgniter\HTTP\SiteURIFactory->createFromGlobals()
#5 C:\laragon\www\Transkrip Akademik\system\Config\BaseService.php(258): CodeIgniter\Config\Services::uri(NULL, false)
#6 C:\laragon\www\Transkrip Akademik\system\Config\BaseService.php(199): CodeIgniter\Config\BaseService::__callStatic('uri', Array)
#7 C:\laragon\www\Transkrip Akademik\system\Config\Services.php(792): CodeIgniter\Config\BaseService::getSharedInstance('uri', NULL)
#8 C:\laragon\www\Transkrip Akademik\system\Config\BaseService.php(258): CodeIgniter\Config\Services::uri()
#9 C:\laragon\www\Transkrip Akademik\system\Config\Services.php(566): CodeIgniter\Config\BaseService::__callStatic('uri', Array)
#10 C:\laragon\www\Transkrip Akademik\system\Config\BaseService.php(258): CodeIgniter\Config\Services::incomingrequest(Object(Config\App), false)
#11 C:\laragon\www\Transkrip Akademik\system\Config\Services.php(524): CodeIgniter\Config\BaseService::__callStatic('incomingrequest', Array)
#12 C:\laragon\www\Transkrip Akademik\system\Config\BaseService.php(258): CodeIgniter\Config\Services::request(NULL, false)
#13 C:\laragon\www\Transkrip Akademik\system\Config\BaseService.php(199): CodeIgniter\Config\BaseService::__callStatic('request', Array)
#14 C:\laragon\www\Transkrip Akademik\system\Config\Services.php(520): CodeIgniter\Config\BaseService::getSharedInstance('request', NULL)
#15 C:\laragon\www\Transkrip Akademik\system\Config\BaseService.php(258): CodeIgniter\Config\Services::request()
#16 C:\laragon\www\Transkrip Akademik\system\Debug\Exceptions.php(150): CodeIgniter\Config\BaseService::__callStatic('request', Array)
#17 [internal function]: CodeIgniter\Debug\Exceptions->exceptionHandler(Object(CodeIgniter\Exceptions\ConfigException))
#18 {main}
  thrown
ã€Previous Exceptionã€‘
CodeIgniter\Exceptions\ConfigException
Config\App::$baseURL "http://localhost/Transkrip Akademik/public/" is not a valid URL.
#0 C:\laragon\www\Transkrip Akademik\system\HTTP\SiteURI.php(145): CodeIgniter\HTTP\SiteURI->normalizeBaseURL(Object(Config\App))
#1 C:\laragon\www\Transkrip Akademik\system\HTTP\SiteURI.php(100): CodeIgniter\HTTP\SiteURI->determineBaseURL(Object(Config\App), NULL, NULL)
#2 C:\laragon\www\Transkrip Akademik\system\HTTP\SiteURIFactory.php(224): CodeIgniter\HTTP\SiteURI->__construct(Object(Config\App), 'Transkrip%20Aka...', NULL)
#3 C:\laragon\www\Transkrip Akademik\system\HTTP\SiteURIFactory.php(45): CodeIgniter\HTTP\SiteURIFactory->createURIFromRoutePath('Transkrip%20Aka...')
#4 C:\laragon\www\Transkrip Akademik\system\Config\Services.php(799): CodeIgniter\HTTP\SiteURIFactory->createFromGlobals()
#5 C:\laragon\www\Transkrip Akademik\system\Config\BaseService.php(258): CodeIgniter\Config\Services::uri(NULL, false)
#6 C:\laragon\www\Transkrip Akademik\system\Config\BaseService.php(199): CodeIgniter\Config\BaseService::__callStatic('uri', Array)
#7 C:\laragon\www\Transkrip Akademik\system\Config\Services.php(792): CodeIgniter\Config\BaseService::getSharedInstance('uri', NULL)
#8 C:\laragon\www\Transkrip Akademik\system\Config\BaseService.php(258): CodeIgniter\Config\Services::uri()
#9 C:\laragon\www\Transkrip Akademik\system\Config\Services.php(566): CodeIgniter\Config\BaseService::__callStatic('uri', Array)
#10 C:\laragon\www\Transkrip Akademik\system\Config\BaseService.php(258): CodeIgniter\Config\Services::incomingrequest(Object(Config\App), false)
#11 C:\laragon\www\Transkrip Akademik\system\Config\Services.php(524): CodeIgniter\Config\BaseService::__callStatic('incomingrequest', Array)
#12 C:\laragon\www\Transkrip Akademik\system\Config\BaseService.php(258): CodeIgniter\Config\Services::request(Object(Config\App), false)
#13 C:\laragon\www\Transkrip Akademik\system\Config\BaseService.php(199): CodeIgniter\Config\BaseService::__callStatic('request', Array)
#14 C:\laragon\www\Transkrip Akademik\system\Config\Services.php(559): CodeIgniter\Config\BaseService::getSharedInstance('request', Object(Config\App))
#15 C:\laragon\www\Transkrip Akademik\system\Config\BaseService.php(258): CodeIgniter\Config\Services::incomingrequest(Object(Config\App))
#16 C:\laragon\www\Transkrip Akademik\system\Config\Services.php(539): CodeIgniter\Config\BaseService::__callStatic('incomingrequest', Array)
#17 C:\laragon\www\Transkrip Akademik\system\Config\BaseService.php(258): CodeIgniter\Config\Services::createRequest(Object(Config\App))
#18 C:\laragon\www\Transkrip Akademik\system\CodeIgniter.php(655): CodeIgniter\Config\BaseService::__callStatic('createRequest', Array)
#19 C:\laragon\www\Transkrip Akademik\system\CodeIgniter.php(355): CodeIgniter\CodeIgniter->getRequestObject()
#20 C:\laragon\www\Transkrip Akademik\public\index.php(79): CodeIgniter\CodeIgniter->run()
#21 {main}
in SYSTEMPATH\HTTP\SiteURI.php on line 199.
 1 [internal function]: CodeIgniter\Debug\Exceptions->shutdownHandler()
CRITICAL - 2025-04-24 14:23:05 --> CodeIgniter\Exceptions\ConfigException: Config\App::$baseURL "http://localhost/Transkrip Akademik/public/" is not a valid URL.
in SYSTEMPATH\HTTP\SiteURI.php on line 199.
 1 SYSTEMPATH\HTTP\SiteURI.php(145): CodeIgniter\HTTP\SiteURI->normalizeBaseURL(Object(Config\App))
 2 SYSTEMPATH\HTTP\SiteURI.php(100): CodeIgniter\HTTP\SiteURI->determineBaseURL(Object(Config\App), null, null)
 3 SYSTEMPATH\HTTP\SiteURIFactory.php(224): CodeIgniter\HTTP\SiteURI->__construct(Object(Config\App), 'Transkrip%20Akademik/public/', null)
 4 SYSTEMPATH\HTTP\SiteURIFactory.php(45): CodeIgniter\HTTP\SiteURIFactory->createURIFromRoutePath('Transkrip%20Akademik/public/')
 5 SYSTEMPATH\Config\Services.php(799): CodeIgniter\HTTP\SiteURIFactory->createFromGlobals()
 6 SYSTEMPATH\Config\BaseService.php(258): CodeIgniter\Config\Services::uri(null, false)
 7 SYSTEMPATH\Config\BaseService.php(199): CodeIgniter\Config\BaseService::__callStatic('uri', [...])
 8 SYSTEMPATH\Config\Services.php(792): CodeIgniter\Config\BaseService::getSharedInstance('uri', null)
 9 SYSTEMPATH\Config\BaseService.php(258): CodeIgniter\Config\Services::uri()
10 SYSTEMPATH\Config\Services.php(566): CodeIgniter\Config\BaseService::__callStatic('uri', [])
11 SYSTEMPATH\Config\BaseService.php(258): CodeIgniter\Config\Services::incomingrequest(Object(Config\App), false)
12 SYSTEMPATH\Config\Services.php(524): CodeIgniter\Config\BaseService::__callStatic('incomingrequest', [...])
13 SYSTEMPATH\Config\BaseService.php(258): CodeIgniter\Config\Services::request(Object(Config\App), false)
14 SYSTEMPATH\Config\BaseService.php(199): CodeIgniter\Config\BaseService::__callStatic('request', [...])
15 SYSTEMPATH\Config\Services.php(559): CodeIgniter\Config\BaseService::getSharedInstance('request', Object(Config\App))
16 SYSTEMPATH\Config\BaseService.php(258): CodeIgniter\Config\Services::incomingrequest(Object(Config\App))
17 SYSTEMPATH\Config\Services.php(539): CodeIgniter\Config\BaseService::__callStatic('incomingrequest', [...])
18 SYSTEMPATH\Config\BaseService.php(258): CodeIgniter\Config\Services::createRequest(Object(Config\App))
19 SYSTEMPATH\CodeIgniter.php(655): CodeIgniter\Config\BaseService::__callStatic('createRequest', [...])
20 SYSTEMPATH\CodeIgniter.php(355): CodeIgniter\CodeIgniter->getRequestObject()
21 FCPATH\index.php(79): CodeIgniter\CodeIgniter->run()
CRITICAL - 2025-04-24 14:23:05 --> ErrorException: Uncaught CodeIgniter\Exceptions\ConfigException: Config\App::$baseURL "http://localhost/Transkrip Akademik/public/" is not a valid URL. in C:\laragon\www\Transkrip Akademik\system\HTTP\SiteURI.php:199
Stack trace:
#0 C:\laragon\www\Transkrip Akademik\system\HTTP\SiteURI.php(145): CodeIgniter\HTTP\SiteURI->normalizeBaseURL(Object(Config\App))
#1 C:\laragon\www\Transkrip Akademik\system\HTTP\SiteURI.php(100): CodeIgniter\HTTP\SiteURI->determineBaseURL(Object(Config\App), NULL, NULL)
#2 C:\laragon\www\Transkrip Akademik\system\HTTP\SiteURIFactory.php(224): CodeIgniter\HTTP\SiteURI->__construct(Object(Config\App), 'Transkrip%20Aka...', NULL)
#3 C:\laragon\www\Transkrip Akademik\system\HTTP\SiteURIFactory.php(45): CodeIgniter\HTTP\SiteURIFactory->createURIFromRoutePath('Transkrip%20Aka...')
#4 C:\laragon\www\Transkrip Akademik\system\Config\Services.php(799): CodeIgniter\HTTP\SiteURIFactory->createFromGlobals()
#5 C:\laragon\www\Transkrip Akademik\system\Config\BaseService.php(258): CodeIgniter\Config\Services::uri(NULL, false)
#6 C:\laragon\www\Transkrip Akademik\system\Config\BaseService.php(199): CodeIgniter\Config\BaseService::__callStatic('uri', Array)
#7 C:\laragon\www\Transkrip Akademik\system\Config\Services.php(792): CodeIgniter\Config\BaseService::getSharedInstance('uri', NULL)
#8 C:\laragon\www\Transkrip Akademik\system\Config\BaseService.php(258): CodeIgniter\Config\Services::uri()
#9 C:\laragon\www\Transkrip Akademik\system\Config\Services.php(566): CodeIgniter\Config\BaseService::__callStatic('uri', Array)
#10 C:\laragon\www\Transkrip Akademik\system\Config\BaseService.php(258): CodeIgniter\Config\Services::incomingrequest(Object(Config\App), false)
#11 C:\laragon\www\Transkrip Akademik\system\Config\Services.php(524): CodeIgniter\Config\BaseService::__callStatic('incomingrequest', Array)
#12 C:\laragon\www\Transkrip Akademik\system\Config\BaseService.php(258): CodeIgniter\Config\Services::request(NULL, false)
#13 C:\laragon\www\Transkrip Akademik\system\Config\BaseService.php(199): CodeIgniter\Config\BaseService::__callStatic('request', Array)
#14 C:\laragon\www\Transkrip Akademik\system\Config\Services.php(520): CodeIgniter\Config\BaseService::getSharedInstance('request', NULL)
#15 C:\laragon\www\Transkrip Akademik\system\Config\BaseService.php(258): CodeIgniter\Config\Services::request()
#16 C:\laragon\www\Transkrip Akademik\system\Debug\Exceptions.php(150): CodeIgniter\Config\BaseService::__callStatic('request', Array)
#17 [internal function]: CodeIgniter\Debug\Exceptions->exceptionHandler(Object(CodeIgniter\Exceptions\ConfigException))
#18 {main}
  thrown
ã€Previous Exceptionã€‘
CodeIgniter\Exceptions\ConfigException
Config\App::$baseURL "http://localhost/Transkrip Akademik/public/" is not a valid URL.
#0 C:\laragon\www\Transkrip Akademik\system\HTTP\SiteURI.php(145): CodeIgniter\HTTP\SiteURI->normalizeBaseURL(Object(Config\App))
#1 C:\laragon\www\Transkrip Akademik\system\HTTP\SiteURI.php(100): CodeIgniter\HTTP\SiteURI->determineBaseURL(Object(Config\App), NULL, NULL)
#2 C:\laragon\www\Transkrip Akademik\system\HTTP\SiteURIFactory.php(224): CodeIgniter\HTTP\SiteURI->__construct(Object(Config\App), 'Transkrip%20Aka...', NULL)
#3 C:\laragon\www\Transkrip Akademik\system\HTTP\SiteURIFactory.php(45): CodeIgniter\HTTP\SiteURIFactory->createURIFromRoutePath('Transkrip%20Aka...')
#4 C:\laragon\www\Transkrip Akademik\system\Config\Services.php(799): CodeIgniter\HTTP\SiteURIFactory->createFromGlobals()
#5 C:\laragon\www\Transkrip Akademik\system\Config\BaseService.php(258): CodeIgniter\Config\Services::uri(NULL, false)
#6 C:\laragon\www\Transkrip Akademik\system\Config\BaseService.php(199): CodeIgniter\Config\BaseService::__callStatic('uri', Array)
#7 C:\laragon\www\Transkrip Akademik\system\Config\Services.php(792): CodeIgniter\Config\BaseService::getSharedInstance('uri', NULL)
#8 C:\laragon\www\Transkrip Akademik\system\Config\BaseService.php(258): CodeIgniter\Config\Services::uri()
#9 C:\laragon\www\Transkrip Akademik\system\Config\Services.php(566): CodeIgniter\Config\BaseService::__callStatic('uri', Array)
#10 C:\laragon\www\Transkrip Akademik\system\Config\BaseService.php(258): CodeIgniter\Config\Services::incomingrequest(Object(Config\App), false)
#11 C:\laragon\www\Transkrip Akademik\system\Config\Services.php(524): CodeIgniter\Config\BaseService::__callStatic('incomingrequest', Array)
#12 C:\laragon\www\Transkrip Akademik\system\Config\BaseService.php(258): CodeIgniter\Config\Services::request(Object(Config\App), false)
#13 C:\laragon\www\Transkrip Akademik\system\Config\BaseService.php(199): CodeIgniter\Config\BaseService::__callStatic('request', Array)
#14 C:\laragon\www\Transkrip Akademik\system\Config\Services.php(559): CodeIgniter\Config\BaseService::getSharedInstance('request', Object(Config\App))
#15 C:\laragon\www\Transkrip Akademik\system\Config\BaseService.php(258): CodeIgniter\Config\Services::incomingrequest(Object(Config\App))
#16 C:\laragon\www\Transkrip Akademik\system\Config\Services.php(539): CodeIgniter\Config\BaseService::__callStatic('incomingrequest', Array)
#17 C:\laragon\www\Transkrip Akademik\system\Config\BaseService.php(258): CodeIgniter\Config\Services::createRequest(Object(Config\App))
#18 C:\laragon\www\Transkrip Akademik\system\CodeIgniter.php(655): CodeIgniter\Config\BaseService::__callStatic('createRequest', Array)
#19 C:\laragon\www\Transkrip Akademik\system\CodeIgniter.php(355): CodeIgniter\CodeIgniter->getRequestObject()
#20 C:\laragon\www\Transkrip Akademik\public\index.php(79): CodeIgniter\CodeIgniter->run()
#21 {main}
in SYSTEMPATH\HTTP\SiteURI.php on line 199.
 1 [internal function]: CodeIgniter\Debug\Exceptions->shutdownHandler()
CRITICAL - 2025-04-24 15:35:07 --> CodeIgniter\View\Exceptions\ViewException: Invalid file: "dasbor.php"
in SYSTEMPATH\Exceptions\FrameworkException.php on line 39.
 1 SYSTEMPATH\View\View.php(216): CodeIgniter\Exceptions\FrameworkException::forInvalidFile('dasbor.php')
 2 SYSTEMPATH\Common.php(1178): CodeIgniter\View\View->render('dasbor', [], true)
 3 APPPATH\Controllers\Dasbor.php(7): view('dasbor')
 4 SYSTEMPATH\CodeIgniter.php(941): App\Controllers\Dasbor->index()
 5 SYSTEMPATH\CodeIgniter.php(502): CodeIgniter\CodeIgniter->runController(Object(App\Controllers\Dasbor))
 6 SYSTEMPATH\CodeIgniter.php(361): CodeIgniter\CodeIgniter->handleRequest(null, Object(Config\Cache), false)
 7 FCPATH\index.php(79): CodeIgniter\CodeIgniter->run()
CRITICAL - 2025-04-24 16:21:07 --> Error: Call to a member function dataRead() on null
in APPPATH\Controllers\Matakuliah.php on line 11.
 1 SYSTEMPATH\CodeIgniter.php(941): App\Controllers\Matakuliah->daftar()
 2 SYSTEMPATH\CodeIgniter.php(502): CodeIgniter\CodeIgniter->runController(Object(App\Controllers\Matakuliah))
 3 SYSTEMPATH\CodeIgniter.php(361): CodeIgniter\CodeIgniter->handleRequest(null, Object(Config\Cache), false)
 4 FCPATH\index.php(79): CodeIgniter\CodeIgniter->run()
CRITICAL - 2025-04-24 16:22:06 --> Error: Call to a member function dataRead() on null
in APPPATH\Controllers\Matakuliah.php on line 11.
 1 SYSTEMPATH\CodeIgniter.php(941): App\Controllers\Matakuliah->daftar()
 2 SYSTEMPATH\CodeIgniter.php(502): CodeIgniter\CodeIgniter->runController(Object(App\Controllers\Matakuliah))
 3 SYSTEMPATH\CodeIgniter.php(361): CodeIgniter\CodeIgniter->handleRequest(null, Object(Config\Cache), false)
 4 FCPATH\index.php(79): CodeIgniter\CodeIgniter->run()
CRITICAL - 2025-04-24 16:27:23 --> Error: Call to a member function dataRead() on null
in APPPATH\Controllers\Matakuliah.php on line 11.
 1 SYSTEMPATH\CodeIgniter.php(941): App\Controllers\Matakuliah->daftar()
 2 SYSTEMPATH\CodeIgniter.php(502): CodeIgniter\CodeIgniter->runController(Object(App\Controllers\Matakuliah))
 3 SYSTEMPATH\CodeIgniter.php(361): CodeIgniter\CodeIgniter->handleRequest(null, Object(Config\Cache), false)
 4 FCPATH\index.php(79): CodeIgniter\CodeIgniter->run()
CRITICAL - 2025-04-24 16:27:24 --> Error: Call to a member function dataRead() on null
in APPPATH\Controllers\Matakuliah.php on line 11.
 1 SYSTEMPATH\CodeIgniter.php(941): App\Controllers\Matakuliah->daftar()
 2 SYSTEMPATH\CodeIgniter.php(502): CodeIgniter\CodeIgniter->runController(Object(App\Controllers\Matakuliah))
 3 SYSTEMPATH\CodeIgniter.php(361): CodeIgniter\CodeIgniter->handleRequest(null, Object(Config\Cache), false)
 4 FCPATH\index.php(79): CodeIgniter\CodeIgniter->run()
CRITICAL - 2025-04-24 16:31:04 --> Error: Call to a member function dataRead() on null
in APPPATH\Controllers\Matakuliah.php on line 11.
 1 SYSTEMPATH\CodeIgniter.php(941): App\Controllers\Matakuliah->daftar()
 2 SYSTEMPATH\CodeIgniter.php(502): CodeIgniter\CodeIgniter->runController(Object(App\Controllers\Matakuliah))
 3 SYSTEMPATH\CodeIgniter.php(361): CodeIgniter\CodeIgniter->handleRequest(null, Object(Config\Cache), false)
 4 FCPATH\index.php(79): CodeIgniter\CodeIgniter->run()
CRITICAL - 2025-04-24 16:31:05 --> Error: Call to a member function dataRead() on null
in APPPATH\Controllers\Matakuliah.php on line 11.
 1 SYSTEMPATH\CodeIgniter.php(941): App\Controllers\Matakuliah->daftar()
 2 SYSTEMPATH\CodeIgniter.php(502): CodeIgniter\CodeIgniter->runController(Object(App\Controllers\Matakuliah))
 3 SYSTEMPATH\CodeIgniter.php(361): CodeIgniter\CodeIgniter->handleRequest(null, Object(Config\Cache), false)
 4 FCPATH\index.php(79): CodeIgniter\CodeIgniter->run()
CRITICAL - 2025-04-24 16:31:55 --> ErrorException: Can't use function return value in write context
in APPPATH\Controllers\Matakuliah.php on line 11.
 1 [internal function]: CodeIgniter\Debug\Exceptions->shutdownHandler()
CRITICAL - 2025-04-24 16:31:56 --> ErrorException: Can't use function return value in write context
in APPPATH\Controllers\Matakuliah.php on line 11.
 1 [internal function]: CodeIgniter\Debug\Exceptions->shutdownHandler()
CRITICAL - 2025-04-24 16:36:13 --> Error: Call to a member function dataRead() on null
in APPPATH\Controllers\Matakuliah.php on line 11.
 1 SYSTEMPATH\CodeIgniter.php(941): App\Controllers\Matakuliah->daftar()
 2 SYSTEMPATH\CodeIgniter.php(502): CodeIgniter\CodeIgniter->runController(Object(App\Controllers\Matakuliah))
 3 SYSTEMPATH\CodeIgniter.php(361): CodeIgniter\CodeIgniter->handleRequest(null, Object(Config\Cache), false)
 4 FCPATH\index.php(79): CodeIgniter\CodeIgniter->run()
CRITICAL - 2025-04-24 16:42:00 --> Error: Call to a member function dataRead() on null
in APPPATH\Controllers\Matakuliah.php on line 11.
 1 SYSTEMPATH\CodeIgniter.php(941): App\Controllers\Matakuliah->daftar()
 2 SYSTEMPATH\CodeIgniter.php(502): CodeIgniter\CodeIgniter->runController(Object(App\Controllers\Matakuliah))
 3 SYSTEMPATH\CodeIgniter.php(361): CodeIgniter\CodeIgniter->handleRequest(null, Object(Config\Cache), false)
 4 FCPATH\index.php(79): CodeIgniter\CodeIgniter->run()
